<?xml version="1.0" encoding="UTF-8"?>
<!-- Generated by org.testng.reporters.JUnitReportReporter -->
<testsuite hostname="DESKTOP-S2AGJ9A" name="TC_01" tests="1" failures="0" timestamp="28 Feb 2020 12:34:19 GMT" time="14.824" errors="0">
  <testcase name="test1" time="14.824" classname="TC_01"/>
</testsuite> <!-- TC_01 -->
