<?xml version="1.0" encoding="UTF-8"?>
<!-- Generated by org.testng.reporters.JUnitReportReporter -->
<testsuite hostname="DESKTOP-S2AGJ9A" name="Tc_01" tests="1" failures="0" timestamp="9 Mar 2020 16:36:05 GMT" time="38.413" errors="0">
  <testcase name="openApplication" time="38.413" classname="Tc_01"/>
</testsuite> <!-- Tc_01 -->
